This file contains any messages produced by compilers while
running configure, to aid debugging if configure makes a mistake.

It was created by configure, which was
generated by GNU Autoconf 2.71.  Invocation command line was

  $ ./configure

## --------- ##
## Platform. ##
## --------- ##

hostname = sol.sudo.net
uname -m = x86_64
uname -r = 6.10.11-200.fc40.x86_64
uname -s = Linux
uname -v = #1 SMP PREEMPT_DYNAMIC Wed Sep 18 21:09:58 UTC 2024

/usr/bin/uname -p = unknown
/bin/uname -X     = unknown

/bin/arch              = x86_64
/usr/bin/arch -k       = unknown
/usr/convex/getsysinfo = unknown
/usr/bin/hostinfo      = unknown
/bin/machine           = unknown
/usr/bin/oslevel       = unknown
/bin/universe          = unknown

PATH: /home/hiro/.local/share/zinit/plugins/mvdan---sh/
PATH: /home/hiro/.local/share/zinit/plugins/knqyf263---pet/
PATH: /home/hiro/.local/share/zinit/plugins/k4rthik---git-cal/
PATH: /home/hiro/.local/share/zinit/plugins/tj---git-extras/
PATH: /home/hiro/.go/bin/
PATH: /home/hiro/.local/bin/
PATH: /home/hiro/bin/
PATH: /usr/local/bin/
PATH: /usr/bin/
PATH: /usr/local/sbin/
PATH: /usr/X11R6/bin/
PATH: /usr/sbin/
PATH: /sbin/


## ----------- ##
## Core tests. ##
## ----------- ##

configure:1681: looking for aux files: install-sh
configure:1694:  trying ./
configure:1705:   ./install-sh found
configure:1851: checking for a BSD-compatible install
configure:1924: result: /usr/bin/install -c
configure:1944: checking for mkdir
configure:1967: found /usr/bin/mkdir
configure:1979: result: /usr/bin/mkdir
configure:1995: checking for chmod
configure:2018: found /usr/bin/chmod
configure:2030: result: /usr/bin/chmod
configure:2046: checking for rm
configure:2069: found /usr/bin/rm
configure:2081: result: /usr/bin/rm
configure:2097: checking for perl
configure:2120: found /usr/bin/perl
configure:2132: result: /usr/bin/perl
configure:2149: checking if --with-ndtpc-bindir option is specified
configure:2160: result: /usr/local/bin
configure:2163: checking if --with-ndtpc-libdir option is specified
configure:2174: result: /usr/local/lib/ndtpc
configure:2177: checking if --with-ndtpc-tmpdir option is specified
configure:2188: result: /tmp
configure:2337: creating ./config.status

## ---------------------- ##
## Running config.status. ##
## ---------------------- ##

This file was extended by config.status, which was
generated by GNU Autoconf 2.71.  Invocation command line was

  CONFIG_FILES    = 
  CONFIG_HEADERS  = 
  CONFIG_LINKS    = 
  CONFIG_COMMANDS = 
  $ ./config.status 

on sol.sudo.net

config.status:723: creating Makefile
config.status:723: creating ndtpc
config.status:889: executing default commands

## ---------------- ##
## Cache variables. ##
## ---------------- ##

ac_cv_env_build_alias_set=
ac_cv_env_build_alias_value=
ac_cv_env_host_alias_set=
ac_cv_env_host_alias_value=
ac_cv_env_target_alias_set=
ac_cv_env_target_alias_value=
ac_cv_path_install='/usr/bin/install -c'
ac_cv_path_ndtpc_path_chmod=/usr/bin/chmod
ac_cv_path_ndtpc_path_mkdir=/usr/bin/mkdir
ac_cv_path_ndtpc_path_rm=/usr/bin/rm
ac_cv_path_perl_bindir=/usr/bin/perl

## ----------------- ##
## Output variables. ##
## ----------------- ##

DEFS='-DPACKAGE_NAME=\"\" -DPACKAGE_TARNAME=\"\" -DPACKAGE_VERSION=\"\" -DPACKAGE_STRING=\"\" -DPACKAGE_BUGREPORT=\"\" -DPACKAGE_URL=\"\"'
ECHO_C=''
ECHO_N='-n'
ECHO_T=''
INSTALL_DATA='${INSTALL} -m 644'
INSTALL_PROGRAM='${INSTALL}'
INSTALL_SCRIPT='${INSTALL}'
LIBOBJS=''
LIBS=''
LTLIBOBJS=''
PACKAGE_BUGREPORT=''
PACKAGE_NAME=''
PACKAGE_STRING=''
PACKAGE_TARNAME=''
PACKAGE_URL=''
PACKAGE_VERSION=''
PATH_SEPARATOR=':'
SHELL='/bin/sh'
bindir='${exec_prefix}/bin'
build_alias=''
datadir='${datarootdir}'
datarootdir='${prefix}/share'
docdir='${datarootdir}/doc/${PACKAGE}'
dvidir='${docdir}'
exec_prefix='${prefix}'
host_alias=''
htmldir='${docdir}'
includedir='${prefix}/include'
infodir='${datarootdir}/info'
libdir='${exec_prefix}/lib'
libexecdir='${exec_prefix}/libexec'
localedir='${datarootdir}/locale'
localstatedir='${prefix}/var'
mandir='${datarootdir}/man'
ndtpc_bindir='/usr/local/bin'
ndtpc_libdir='/usr/local/lib/ndtpc'
ndtpc_path_chmod='/usr/bin/chmod'
ndtpc_path_mkdir='/usr/bin/mkdir'
ndtpc_path_rm='/usr/bin/rm'
ndtpc_tmpdir='/tmp'
oldincludedir='/usr/include'
pdfdir='${docdir}'
perl_bindir='/usr/bin/perl'
prefix='/usr/local'
program_transform_name='s,x,x,'
psdir='${docdir}'
runstatedir='${localstatedir}/run'
sbindir='${exec_prefix}/sbin'
sharedstatedir='${prefix}/com'
sysconfdir='${prefix}/etc'
target_alias=''

## ----------- ##
## confdefs.h. ##
## ----------- ##

/* confdefs.h */
#define PACKAGE_NAME ""
#define PACKAGE_TARNAME ""
#define PACKAGE_VERSION ""
#define PACKAGE_STRING ""
#define PACKAGE_BUGREPORT ""
#define PACKAGE_URL ""

configure: exit 0
